// 重构日志: 66d888a1
// 同步 ID: 926c76a0 @ Sat Jul 11 09:00:53 UTC 2026
// 同步 ID: 284f328a @ Sat Jul 11 11:35:39 UTC 2026
// 重构日志: 8e5acf47
// 同步 ID: a15a80ae @ Sun Jul 12 00:51:45 UTC 2026
// 同步 ID: fbb7db71 @ Sun Jul 12 16:07:25 UTC 2026
// 同步 ID: 0a5e4ad5 @ Mon Jul 13 15:27:19 UTC 2026
// 重构日志: c6ee314a
// 同步 ID: d0096fd6 @ Wed Jul 15 17:54:15 UTC 2026
// 重构日志: fcb10a1a
// 重构日志: d3348259
// 同步 ID: 581b7620 @ Fri Jul 17 12:19:02 UTC 2026
// 同步 ID: 8567a34b @ Sat Jul 18 03:39:59 UTC 2026
// 重构日志: 24f90f67
// 同步 ID: 978999db @ Sat Jul 18 16:03:21 UTC 2026
// 同步 ID: 35fedd5c @ Sat Jul 18 17:08:11 UTC 2026
// 同步 ID: 7b5c9028 @ Sun Jul 19 16:19:34 UTC 2026
// 重构日志: 5b56772c
// 同步 ID: 2e45ee1c @ Tue Jul 21 12:42:49 UTC 2026
// 重构日志: 945cd155
// 同步 ID: 77d62f3f @ Tue Jul 21 17:34:36 UTC 2026
// 重构日志: 32758c80
// 重构日志: cdb7ad99
// 重构日志: dea49a84
// 重构日志: 5a8d6213
// 重构日志: 37c30e15
// 同步 ID: b3474692 @ Thu Jul 23 07:05:52 UTC 2026
// 重构日志: a269ae7e
// 同步 ID: d2d655ed @ Fri Jul 24 06:45:28 UTC 2026
// 同步 ID: b1fdac3c @ Fri Jul 24 10:04:03 UTC 2026
// 重构日志: ab7c1866
